This file contains any messages produced by compilers while
running configure, to aid debugging if configure makes a mistake.

It was created by configure, which was
generated by GNU Autoconf 2.69.  Invocation command line was

  $ ./configure 

## --------- ##
## Platform. ##
## --------- ##

hostname = e2r4p8.42.fr
uname -m = x86_64
uname -r = 16.7.0
uname -s = Darwin
uname -v = Darwin Kernel Version 16.7.0: Thu Jun 15 17:36:27 PDT 2017; root:xnu-3789.70.16~2/RELEASE_X86_64

/usr/bin/uname -p = i386
/bin/uname -X     = unknown

/bin/arch              = unknown
/usr/bin/arch -k       = unknown
/usr/convex/getsysinfo = unknown
/usr/bin/hostinfo      = Mach kernel version:
	 Darwin Kernel Version 16.7.0: Thu Jun 15 17:36:27 PDT 2017; root:xnu-3789.70.16~2/RELEASE_X86_64
Kernel configured for up to 4 processors.
4 processors are physically available.
4 processors are logically available.
Processor type: i486 (Intel 80486)
Processors active: 0 1 2 3
Primary memory available: 8.00 gigabytes
Default processor set: 287 tasks, 1212 threads, 4 processors
Load average: 2.37, Mach factor: 1.65
/bin/machine           = unknown
/usr/bin/oslevel       = unknown
/bin/universe          = unknown

PATH: /Users/jagarcia/.brew/bin
PATH: /usr/bin
PATH: /bin
PATH: /usr/sbin
PATH: /sbin
PATH: /usr/local/bin
PATH: /usr/local/munki


## ----------- ##
## Core tests. ##
## ----------- ##

configure:2434: checking build system type
configure:2448: result: x86_64-apple-darwin16.7.0
configure:2468: checking host system type
configure:2481: result: x86_64-apple-darwin16.7.0
configure:2549: checking for gcc
configure:2565: found /usr/bin/gcc
configure:2576: result: gcc
configure:2805: checking for C compiler version
configure:2814: gcc --version >&5
Apple LLVM version 9.0.0 (clang-900.0.39.2)
Target: x86_64-apple-darwin16.7.0
Thread model: posix
InstalledDir: /Applications/Xcode.app/Contents/Developer/Toolchains/XcodeDefault.xctoolchain/usr/bin
Configured with: --prefix=/Applications/Xcode.app/Contents/Developer/usr --with-gxx-include-dir=/usr/include/c++/4.2.1
configure:2825: $? = 0
configure:2814: gcc -v >&5
Configured with: --prefix=/Applications/Xcode.app/Contents/Developer/usr --with-gxx-include-dir=/usr/include/c++/4.2.1
Apple LLVM version 9.0.0 (clang-900.0.39.2)
Target: x86_64-apple-darwin16.7.0
Thread model: posix
InstalledDir: /Applications/Xcode.app/Contents/Developer/Toolchains/XcodeDefault.xctoolchain/usr/bin
configure:2825: $? = 0
configure:2814: gcc -V >&5
clang: error: argument to '-V' is missing (expected 1 value)
clang: error: no input files
configure:2825: $? = 1
configure:2814: gcc -qversion >&5
clang: error: unknown argument: '-qversion'
clang: error: no input files
configure:2825: $? = 1
configure:2845: checking whether the C compiler works
configure:2867: gcc    conftest.c  >&5
configure:2871: $? = 0
configure:2919: result: yes
configure:2922: checking for C compiler default output file name
configure:2924: result: a.out
configure:2930: checking for suffix of executables
configure:2937: gcc -o conftest    conftest.c  >&5
configure:2941: $? = 0
configure:2963: result: 
configure:2985: checking whether we are cross compiling
configure:2993: gcc -o conftest    conftest.c  >&5
configure:2997: $? = 0
configure:3004: ./conftest
configure:3008: $? = 0
configure:3023: result: no
configure:3028: checking for suffix of object files
configure:3050: gcc -c   conftest.c >&5
configure:3054: $? = 0
configure:3075: result: o
configure:3079: checking whether we are using the GNU C compiler
configure:3098: gcc -c   conftest.c >&5
configure:3098: $? = 0
configure:3107: result: yes
configure:3116: checking whether gcc accepts -g
configure:3136: gcc -c -g  conftest.c >&5
configure:3136: $? = 0
configure:3177: result: yes
configure:3194: checking for gcc option to accept ISO C89
configure:3257: gcc  -c -g -O2  conftest.c >&5
configure:3257: $? = 0
configure:3270: result: none needed
configure:3290: checking for a sed that does not truncate output
configure:3354: result: /usr/bin/sed
configure:3372: checking for grep that handles long lines and -e
configure:3430: result: /usr/bin/grep
configure:3435: checking for egrep
configure:3497: result: /usr/bin/grep -E
configure:3502: checking for fgrep
configure:3564: result: /usr/bin/grep -F
configure:3599: checking for ld used by gcc
configure:3666: result: /Applications/Xcode.app/Contents/Developer/Toolchains/XcodeDefault.xctoolchain/usr/bin/ld
configure:3673: checking if the linker (/Applications/Xcode.app/Contents/Developer/Toolchains/XcodeDefault.xctoolchain/usr/bin/ld) is GNU ld
configure:3688: result: no
configure:3700: checking for BSD- or MS-compatible name lister (nm)
configure:3749: result: /usr/bin/nm -B
configure:3867: checking the name lister (/usr/bin/nm -B) interface
configure:3874: gcc -c -g -O2  conftest.c >&5
configure:3877: /usr/bin/nm -B "conftest.o"
configure:3880: output
00000000000001d8 S _some_variable
configure:3887: result: BSD nm
configure:3890: checking whether ln -s works
configure:3894: result: yes
configure:3902: checking the maximum length of command line arguments
configure:4028: result: 196608
configure:4045: checking whether the shell understands some XSI constructs
configure:4055: result: yes
configure:4059: checking whether the shell understands "+="
configure:4065: result: yes
configure:4100: checking for /Applications/Xcode.app/Contents/Developer/Toolchains/XcodeDefault.xctoolchain/usr/bin/ld option to reload object files
configure:4107: result: -r
configure:4176: checking for objdump
configure:4192: found /usr/bin/objdump
configure:4203: result: objdump
configure:4232: checking how to recognize dependent libraries
configure:4430: result: pass_all
configure:4490: checking for ar
configure:4506: found /usr/bin/ar
configure:4517: result: ar
configure:4595: checking for strip
configure:4611: found /usr/bin/strip
configure:4622: result: strip
configure:4694: checking for ranlib
configure:4710: found /usr/bin/ranlib
configure:4721: result: ranlib
configure:4811: checking command to parse /usr/bin/nm -B output from gcc object
configure:4929: gcc -c -g -O2  conftest.c >&5
configure:4932: $? = 0
configure:4936: /usr/bin/nm -B conftest.o \| sed -n -e 's/^.*[	 ]\([BCDEGRST][BCDEGRST]*\)[	 ][	 ]*\([_A-Za-z][_A-Za-z0-9]*\)$/\1 \2 \2/p' \> conftest.nm
configure:4939: $? = 0
cannot find nm_test_var in conftest.nm
configure:4929: gcc -c -g -O2  conftest.c >&5
configure:4932: $? = 0
configure:4936: /usr/bin/nm -B conftest.o \| sed -n -e 's/^.*[	 ]\([BCDEGRST][BCDEGRST]*\)[	 ][	 ]*_\([_A-Za-z][_A-Za-z0-9]*\)$/\1 _\2 \2/p' \> conftest.nm
configure:4939: $? = 0
configure:4993: gcc -o conftest -g -O2   conftest.c conftstm.o >&5
warning: (x86_64)  could not find object file symbol for symbol _main
configure:4996: $? = 0
configure:5034: result: ok
configure:5299: checking for dsymutil
configure:5315: found /usr/bin/dsymutil
configure:5326: result: dsymutil
configure:5391: checking for nmedit
configure:5407: found /usr/bin/nmedit
configure:5418: result: nmedit
configure:5483: checking for lipo
configure:5499: found /usr/bin/lipo
configure:5510: result: lipo
configure:5575: checking for otool
configure:5591: found /usr/bin/otool
configure:5602: result: otool
configure:5667: checking for otool64
configure:5697: result: no
configure:5742: checking for -single_module linker flag
gcc -g -O2  -o libconftest.dylib -dynamiclib -Wl,-single_module conftest.c
configure:5769: result: yes
configure:5771: checking for -exported_symbols_list linker flag
configure:5791: gcc -o conftest -g -O2   -Wl,-exported_symbols_list,conftest.sym conftest.c  >&5
configure:5791: $? = 0
configure:5801: result: yes
configure:5843: checking how to run the C preprocessor
configure:5874: gcc -E  conftest.c
configure:5874: $? = 0
configure:5888: gcc -E  conftest.c
conftest.c:9:10: fatal error: 'ac_nonexistent.h' file not found
#include <ac_nonexistent.h>
         ^~~~~~~~~~~~~~~~~~
1 error generated.
configure:5888: $? = 1
configure: failed program was:
| /* confdefs.h */
| #define PACKAGE_NAME ""
| #define PACKAGE_TARNAME ""
| #define PACKAGE_VERSION ""
| #define PACKAGE_STRING ""
| #define PACKAGE_BUGREPORT ""
| #define PACKAGE_URL ""
| /* end confdefs.h.  */
| #include <ac_nonexistent.h>
configure:5913: result: gcc -E
configure:5933: gcc -E  conftest.c
configure:5933: $? = 0
configure:5947: gcc -E  conftest.c
conftest.c:9:10: fatal error: 'ac_nonexistent.h' file not found
#include <ac_nonexistent.h>
         ^~~~~~~~~~~~~~~~~~
1 error generated.
configure:5947: $? = 1
configure: failed program was:
| /* confdefs.h */
| #define PACKAGE_NAME ""
| #define PACKAGE_TARNAME ""
| #define PACKAGE_VERSION ""
| #define PACKAGE_STRING ""
| #define PACKAGE_BUGREPORT ""
| #define PACKAGE_URL ""
| /* end confdefs.h.  */
| #include <ac_nonexistent.h>
configure:5976: checking for ANSI C header files
configure:5996: gcc -c -g -O2  conftest.c >&5
configure:5996: $? = 0
configure:6069: gcc -o conftest -g -O2   conftest.c  >&5
configure:6069: $? = 0
configure:6069: ./conftest
configure:6069: $? = 0
configure:6080: result: yes
configure:6093: checking for sys/types.h
configure:6093: gcc -c -g -O2  conftest.c >&5
configure:6093: $? = 0
configure:6093: result: yes
configure:6093: checking for sys/stat.h
configure:6093: gcc -c -g -O2  conftest.c >&5
configure:6093: $? = 0
configure:6093: result: yes
configure:6093: checking for stdlib.h
configure:6093: gcc -c -g -O2  conftest.c >&5
configure:6093: $? = 0
configure:6093: result: yes
configure:6093: checking for string.h
configure:6093: gcc -c -g -O2  conftest.c >&5
configure:6093: $? = 0
configure:6093: result: yes
configure:6093: checking for memory.h
configure:6093: gcc -c -g -O2  conftest.c >&5
configure:6093: $? = 0
configure:6093: result: yes
configure:6093: checking for strings.h
configure:6093: gcc -c -g -O2  conftest.c >&5
configure:6093: $? = 0
configure:6093: result: yes
configure:6093: checking for inttypes.h
configure:6093: gcc -c -g -O2  conftest.c >&5
configure:6093: $? = 0
configure:6093: result: yes
configure:6093: checking for stdint.h
configure:6093: gcc -c -g -O2  conftest.c >&5
configure:6093: $? = 0
configure:6093: result: yes
configure:6093: checking for unistd.h
configure:6093: gcc -c -g -O2  conftest.c >&5
configure:6093: $? = 0
configure:6093: result: yes
configure:6107: checking for dlfcn.h
configure:6107: gcc -c -g -O2  conftest.c >&5
configure:6107: $? = 0
configure:6107: result: yes
configure:6589: checking for objdir
configure:6604: result: .libs
configure:6900: checking if gcc supports -fno-rtti -fno-exceptions
configure:6918: gcc -c -g -O2  -fno-rtti -fno-exceptions conftest.c >&5
configure:6922: $? = 0
configure:6935: result: yes
configure:6955: checking for gcc option to produce PIC
configure:7227: result: -fno-common -DPIC
configure:7239: checking if gcc PIC flag -fno-common -DPIC works
configure:7257: gcc -c -g -O2  -fno-common -DPIC -DPIC conftest.c >&5
configure:7261: $? = 0
configure:7274: result: yes
configure:7298: checking if gcc static flag -static works
configure:7326: result: no
configure:7341: checking if gcc supports -c -o file.o
configure:7362: gcc -c -g -O2  -o out/conftest2.o conftest.c >&5
configure:7366: $? = 0
configure:7388: result: yes
configure:7396: checking if gcc supports -c -o file.o
configure:7443: result: yes
configure:7476: checking whether the gcc linker (/Applications/Xcode.app/Contents/Developer/Toolchains/XcodeDefault.xctoolchain/usr/bin/ld) supports shared libraries
configure:8462: result: yes
configure:8701: checking dynamic linker characteristics
configure:9354: result: darwin16.7.0 dyld
configure:9456: checking how to hardcode library paths into programs
configure:9481: result: immediate
configure:10001: checking whether stripping libraries is possible
configure:10015: result: yes
configure:10041: checking if libtool supports shared libraries
configure:10043: result: yes
configure:10046: checking whether to build shared libraries
configure:10067: result: yes
configure:10070: checking whether to build static libraries
configure:10074: result: yes
configure:10138: checking for a BSD-compatible install
configure:10206: result: /usr/bin/install -c
configure:10217: checking whether build environment is sane
configure:10272: result: yes
configure:10423: checking for a thread-safe mkdir -p
configure:10462: result: ./install-sh -c -d
configure:10469: checking for gawk
configure:10499: result: no
configure:10469: checking for mawk
configure:10499: result: no
configure:10469: checking for nawk
configure:10499: result: no
configure:10469: checking for awk
configure:10485: found /usr/bin/awk
configure:10496: result: awk
configure:10507: checking whether make sets $(MAKE)
configure:10529: result: yes
configure:10559: checking for style of include used by make
configure:10587: result: GNU
configure:10621: checking whether make supports nested variables
configure:10638: result: yes
configure:10719: checking dependency style of gcc
configure:10830: result: gcc3
configure:10896: checking for gcc
configure:10923: result: gcc
configure:11152: checking for C compiler version
configure:11161: gcc --version >&5
Apple LLVM version 9.0.0 (clang-900.0.39.2)
Target: x86_64-apple-darwin16.7.0
Thread model: posix
InstalledDir: /Applications/Xcode.app/Contents/Developer/Toolchains/XcodeDefault.xctoolchain/usr/bin
Configured with: --prefix=/Applications/Xcode.app/Contents/Developer/usr --with-gxx-include-dir=/usr/include/c++/4.2.1
configure:11172: $? = 0
configure:11161: gcc -v >&5
Configured with: --prefix=/Applications/Xcode.app/Contents/Developer/usr --with-gxx-include-dir=/usr/include/c++/4.2.1
Apple LLVM version 9.0.0 (clang-900.0.39.2)
Target: x86_64-apple-darwin16.7.0
Thread model: posix
InstalledDir: /Applications/Xcode.app/Contents/Developer/Toolchains/XcodeDefault.xctoolchain/usr/bin
configure:11172: $? = 0
configure:11161: gcc -V >&5
clang: error: argument to '-V' is missing (expected 1 value)
clang: error: no input files
configure:11172: $? = 1
configure:11161: gcc -qversion >&5
clang: error: unknown argument: '-qversion'
clang: error: no input files
configure:11172: $? = 1
configure:11176: checking whether we are using the GNU C compiler
configure:11204: result: yes
configure:11213: checking whether gcc accepts -g
configure:11274: result: yes
configure:11291: checking for gcc option to accept ISO C89
configure:11367: result: none needed
configure:11388: checking whether make sets $(MAKE)
configure:11410: result: yes
configure:11428: checking for windres
configure:11458: result: no
configure:11428: checking for darwin16.7.0-windres
configure:11458: result: no
configure:11471: checking for size_t
configure:11471: gcc -c -g -O2  conftest.c >&5
configure:11471: $? = 0
configure:11471: gcc -c -g -O2  conftest.c >&5
conftest.c:59:21: error: expected expression
if (sizeof ((size_t)))
                    ^
1 error generated.
configure:11471: $? = 1
configure: failed program was:
| /* confdefs.h */
| #define PACKAGE_NAME ""
| #define PACKAGE_TARNAME ""
| #define PACKAGE_VERSION ""
| #define PACKAGE_STRING ""
| #define PACKAGE_BUGREPORT ""
| #define PACKAGE_URL ""
| #define STDC_HEADERS 1
| #define HAVE_SYS_TYPES_H 1
| #define HAVE_SYS_STAT_H 1
| #define HAVE_STDLIB_H 1
| #define HAVE_STRING_H 1
| #define HAVE_MEMORY_H 1
| #define HAVE_STRINGS_H 1
| #define HAVE_INTTYPES_H 1
| #define HAVE_STDINT_H 1
| #define HAVE_UNISTD_H 1
| #define HAVE_DLFCN_H 1
| #define LT_OBJDIR ".libs/"
| #define PACKAGE "SDL2_ttf"
| #define VERSION "2.0.14"
| /* end confdefs.h.  */
| #include <stdio.h>
| #ifdef HAVE_SYS_TYPES_H
| # include <sys/types.h>
| #endif
| #ifdef HAVE_SYS_STAT_H
| # include <sys/stat.h>
| #endif
| #ifdef STDC_HEADERS
| # include <stdlib.h>
| # include <stddef.h>
| #else
| # ifdef HAVE_STDLIB_H
| #  include <stdlib.h>
| # endif
| #endif
| #ifdef HAVE_STRING_H
| # if !defined STDC_HEADERS && defined HAVE_MEMORY_H
| #  include <memory.h>
| # endif
| # include <string.h>
| #endif
| #ifdef HAVE_STRINGS_H
| # include <strings.h>
| #endif
| #ifdef HAVE_INTTYPES_H
| # include <inttypes.h>
| #endif
| #ifdef HAVE_STDINT_H
| # include <stdint.h>
| #endif
| #ifdef HAVE_UNISTD_H
| # include <unistd.h>
| #endif
| int
| main ()
| {
| if (sizeof ((size_t)))
| 	    return 0;
|   ;
|   return 0;
| }
configure:11471: result: yes
configure:11484: checking for working alloca.h
configure:11501: gcc -o conftest -g -O2   conftest.c  >&5
configure:11501: $? = 0
configure:11509: result: yes
configure:11517: checking for alloca
configure:11554: gcc -o conftest -g -O2   conftest.c  >&5
configure:11554: $? = 0
configure:11562: result: yes
configure:11731: checking for freetype-config
configure:11749: found /Users/jagarcia/.brew/bin/freetype-config
configure:11762: result: /Users/jagarcia/.brew/bin/freetype-config
configure:11831: checking for pkg-config
configure:11849: found /Users/jagarcia/.brew/bin/pkg-config
configure:11861: result: /Users/jagarcia/.brew/bin/pkg-config
configure:11886: checking pkg-config is at least version 0.9.0
configure:11889: result: yes
configure:11927: checking for SDL
configure:11935: $PKG_CONFIG --exists --print-errors "sdl2 >= $min_sdl_version"
configure:11938: $? = 0
configure:11953: $PKG_CONFIG --exists --print-errors "sdl2 >= $min_sdl_version"
configure:11956: $? = 0
configure:11992: result: yes
configure:12954: checking for OpenGL support
configure:12972: gcc -c -g -O2 -I/Users/jagarcia/.brew/opt/freetype/include/freetype2 -D_THREAD_SAFE -I/Users/jagarcia/.brew/include/SDL2  conftest.c >&5
configure:12972: $? = 0
configure:12978: result: yes
configure:13138: checking that generated files are newer than configure
configure:13144: result: done
configure:13171: creating ./config.status

## ---------------------- ##
## Running config.status. ##
## ---------------------- ##

This file was extended by config.status, which was
generated by GNU Autoconf 2.69.  Invocation command line was

  CONFIG_FILES    = 
  CONFIG_HEADERS  = 
  CONFIG_LINKS    = 
  CONFIG_COMMANDS = 
  $ ./config.status 

on e2r4p8.42.fr

config.status:1015: creating Makefile
config.status:1015: creating SDL2_ttf.spec
config.status:1015: creating SDL2_ttf.pc
config.status:1187: executing libtool commands
config.status:1187: executing depfiles commands

## ---------------- ##
## Cache variables. ##
## ---------------- ##

ac_cv_build=x86_64-apple-darwin16.7.0
ac_cv_c_compiler_gnu=yes
ac_cv_env_CC_set=
ac_cv_env_CC_value=
ac_cv_env_CFLAGS_set=
ac_cv_env_CFLAGS_value=
ac_cv_env_CPPFLAGS_set=
ac_cv_env_CPPFLAGS_value=
ac_cv_env_CPP_set=
ac_cv_env_CPP_value=
ac_cv_env_LDFLAGS_set=
ac_cv_env_LDFLAGS_value=
ac_cv_env_LIBS_set=
ac_cv_env_LIBS_value=
ac_cv_env_PKG_CONFIG_set=
ac_cv_env_PKG_CONFIG_value=
ac_cv_env_SDL_CFLAGS_set=
ac_cv_env_SDL_CFLAGS_value=
ac_cv_env_SDL_LIBS_set=
ac_cv_env_SDL_LIBS_value=
ac_cv_env_XMKMF_set=
ac_cv_env_XMKMF_value=
ac_cv_env_build_alias_set=
ac_cv_env_build_alias_value=
ac_cv_env_host_alias_set=
ac_cv_env_host_alias_value=
ac_cv_env_target_alias_set=
ac_cv_env_target_alias_value=
ac_cv_func_alloca_works=yes
ac_cv_header_dlfcn_h=yes
ac_cv_header_inttypes_h=yes
ac_cv_header_memory_h=yes
ac_cv_header_stdc=yes
ac_cv_header_stdint_h=yes
ac_cv_header_stdlib_h=yes
ac_cv_header_string_h=yes
ac_cv_header_strings_h=yes
ac_cv_header_sys_stat_h=yes
ac_cv_header_sys_types_h=yes
ac_cv_header_unistd_h=yes
ac_cv_host=x86_64-apple-darwin16.7.0
ac_cv_objext=o
ac_cv_path_EGREP='/usr/bin/grep -E'
ac_cv_path_FGREP='/usr/bin/grep -F'
ac_cv_path_FREETYPE_CONFIG=/Users/jagarcia/.brew/bin/freetype-config
ac_cv_path_GREP=/usr/bin/grep
ac_cv_path_SED=/usr/bin/sed
ac_cv_path_ac_pt_PKG_CONFIG=/Users/jagarcia/.brew/bin/pkg-config
ac_cv_path_install='/usr/bin/install -c'
ac_cv_prog_AWK=awk
ac_cv_prog_CPP='gcc -E'
ac_cv_prog_ac_ct_AR=ar
ac_cv_prog_ac_ct_CC=gcc
ac_cv_prog_ac_ct_DSYMUTIL=dsymutil
ac_cv_prog_ac_ct_LIPO=lipo
ac_cv_prog_ac_ct_NMEDIT=nmedit
ac_cv_prog_ac_ct_OBJDUMP=objdump
ac_cv_prog_ac_ct_OTOOL=otool
ac_cv_prog_ac_ct_RANLIB=ranlib
ac_cv_prog_ac_ct_STRIP=strip
ac_cv_prog_cc_c89=
ac_cv_prog_cc_g=yes
ac_cv_prog_make_make_set=yes
ac_cv_type_size_t=yes
ac_cv_working_alloca_h=yes
am_cv_CC_dependencies_compiler_type=gcc3
am_cv_make_support_nested_variables=yes
lt_cv_apple_cc_single_mod=yes
lt_cv_deplibs_check_method=pass_all
lt_cv_file_magic_cmd='$MAGIC_CMD'
lt_cv_file_magic_test_file=
lt_cv_ld_exported_symbols_list=yes
lt_cv_ld_reload_flag=-r
lt_cv_nm_interface='BSD nm'
lt_cv_objdir=.libs
lt_cv_path_LD=/Applications/Xcode.app/Contents/Developer/Toolchains/XcodeDefault.xctoolchain/usr/bin/ld
lt_cv_path_NM='/usr/bin/nm -B'
lt_cv_prog_compiler_c_o=yes
lt_cv_prog_compiler_pic_works=yes
lt_cv_prog_compiler_rtti_exceptions=yes
lt_cv_prog_compiler_static_works=no
lt_cv_prog_gnu_ld=no
lt_cv_sys_global_symbol_pipe='sed -n -e '\''s/^.*[	 ]\([BCDEGRST][BCDEGRST]*\)[	 ][	 ]*_\([_A-Za-z][_A-Za-z0-9]*\)$/\1 _\2 \2/p'\'''
lt_cv_sys_global_symbol_to_c_name_address='sed -n -e '\''s/^: \([^ ]*\) $/  {\"\1\", (void *) 0},/p'\'' -e '\''s/^[BCDEGRST]* \([^ ]*\) \([^ ]*\)$/  {"\2", (void *) \&\2},/p'\'''
lt_cv_sys_global_symbol_to_c_name_address_lib_prefix='sed -n -e '\''s/^: \([^ ]*\) $/  {\"\1\", (void *) 0},/p'\'' -e '\''s/^[BCDEGRST]* \([^ ]*\) \(lib[^ ]*\)$/  {"\2", (void *) \&\2},/p'\'' -e '\''s/^[BCDEGRST]* \([^ ]*\) \([^ ]*\)$/  {"lib\2", (void *) \&\2},/p'\'''
lt_cv_sys_global_symbol_to_cdecl='sed -n -e '\''s/^T .* \(.*\)$/extern int \1();/p'\'' -e '\''s/^[BCDEGRST]* .* \(.*\)$/extern char \1;/p'\'''
lt_cv_sys_max_cmd_len=196608
pkg_cv_SDL_CFLAGS='-D_THREAD_SAFE -I/Users/jagarcia/.brew/include/SDL2'
pkg_cv_SDL_LIBS='-L/Users/jagarcia/.brew/lib -lSDL2'

## ----------------- ##
## Output variables. ##
## ----------------- ##

ACLOCAL='${SHELL} /Users/jagarcia/PROJECTS/SDL2/SDL2_TTF_srcs/missing aclocal-1.13'
ALLOCA=''
AMDEPBACKSLASH='\'
AMDEP_FALSE='#'
AMDEP_TRUE=''
AMTAR='$${TAR-tar}'
AM_BACKSLASH='\'
AM_DEFAULT_V='$(AM_DEFAULT_VERBOSITY)'
AM_DEFAULT_VERBOSITY='1'
AM_V='$(V)'
AR='ar'
AS='as'
AUTOCONF='${SHELL} /Users/jagarcia/PROJECTS/SDL2/SDL2_TTF_srcs/missing autoconf'
AUTOHEADER='${SHELL} /Users/jagarcia/PROJECTS/SDL2/SDL2_TTF_srcs/missing autoheader'
AUTOMAKE='${SHELL} /Users/jagarcia/PROJECTS/SDL2/SDL2_TTF_srcs/missing automake-1.13'
AWK='awk'
BINARY_AGE='14'
CC='gcc'
CCDEPMODE='depmode=gcc3'
CFLAGS='-g -O2 -I/Users/jagarcia/.brew/opt/freetype/include/freetype2 -D_THREAD_SAFE -I/Users/jagarcia/.brew/include/SDL2 -DHAVE_OPENGL'
CPP='gcc -E'
CPPFLAGS=''
CYGPATH_W='echo'
DEFS='-DPACKAGE_NAME=\"\" -DPACKAGE_TARNAME=\"\" -DPACKAGE_VERSION=\"\" -DPACKAGE_STRING=\"\" -DPACKAGE_BUGREPORT=\"\" -DPACKAGE_URL=\"\" -DSTDC_HEADERS=1 -DHAVE_SYS_TYPES_H=1 -DHAVE_SYS_STAT_H=1 -DHAVE_STDLIB_H=1 -DHAVE_STRING_H=1 -DHAVE_MEMORY_H=1 -DHAVE_STRINGS_H=1 -DHAVE_INTTYPES_H=1 -DHAVE_STDINT_H=1 -DHAVE_UNISTD_H=1 -DHAVE_DLFCN_H=1 -DLT_OBJDIR=\".libs/\" -DPACKAGE=\"SDL2_ttf\" -DVERSION=\"2.0.14\" -DHAVE_ALLOCA_H=1 -DHAVE_ALLOCA=1'
DEPDIR='.deps'
DLLTOOL='dlltool'
DSYMUTIL='dsymutil'
DUMPBIN=''
ECHO_C='\c'
ECHO_N=''
ECHO_T=''
EGREP='/usr/bin/grep -E'
EXEEXT=''
FGREP='/usr/bin/grep -F'
FREETYPE_CONFIG='/Users/jagarcia/.brew/bin/freetype-config'
GL_LIBS='-Wl,-framework,OpenGL'
GREP='/usr/bin/grep'
INSTALL_DATA='${INSTALL} -m 644'
INSTALL_PROGRAM='${INSTALL}'
INSTALL_SCRIPT='${INSTALL}'
INSTALL_STRIP_PROGRAM='$(install_sh) -c -s'
INTERFACE_AGE='0'
LD='/Applications/Xcode.app/Contents/Developer/Toolchains/XcodeDefault.xctoolchain/usr/bin/ld'
LDFLAGS=''
LIBOBJS=''
LIBS=' -L/Users/jagarcia/.brew/opt/freetype/lib -lfreetype -L/Users/jagarcia/.brew/lib -lSDL2'
LIBTOOL='$(SHELL) $(top_builddir)/libtool'
LIPO='lipo'
LN_S='ln -s'
LTLIBOBJS=''
LT_AGE='14'
LT_CURRENT='14'
LT_RELEASE='2.0'
LT_REVISION='0'
MAJOR_VERSION='2'
MAKEINFO='${SHELL} /Users/jagarcia/PROJECTS/SDL2/SDL2_TTF_srcs/missing makeinfo'
MATHLIB=''
MICRO_VERSION='14'
MINOR_VERSION='0'
MKDIR_P='./install-sh -c -d'
NM='/usr/bin/nm -B'
NMEDIT='nmedit'
OBJDUMP='objdump'
OBJEXT='o'
OTOOL64=':'
OTOOL='otool'
PACKAGE='SDL2_ttf'
PACKAGE_BUGREPORT=''
PACKAGE_NAME=''
PACKAGE_STRING=''
PACKAGE_TARNAME=''
PACKAGE_URL=''
PACKAGE_VERSION=''
PATH_SEPARATOR=':'
PKG_CONFIG='/Users/jagarcia/.brew/bin/pkg-config'
RANLIB='ranlib'
SDL2_CONFIG='pkg-config sdl2'
SDL_CFLAGS='-D_THREAD_SAFE -I/Users/jagarcia/.brew/include/SDL2'
SDL_LIBS='-L/Users/jagarcia/.brew/lib -lSDL2'
SDL_VERSION='2.0.0'
SED='/usr/bin/sed'
SET_MAKE=''
SHELL='/bin/sh'
STRIP='strip'
USE_VERSION_RC_FALSE=''
USE_VERSION_RC_TRUE='#'
VERSION='2.0.14'
WINDRES=''
XMKMF=''
X_CFLAGS=''
X_EXTRA_LIBS=''
X_LIBS=''
X_PRE_LIBS=''
ac_ct_CC='gcc'
ac_ct_DUMPBIN=''
am__EXEEXT_FALSE=''
am__EXEEXT_TRUE='#'
am__fastdepCC_FALSE='#'
am__fastdepCC_TRUE=''
am__include='include'
am__isrc=''
am__leading_dot='.'
am__nodep='_no'
am__quote=''
am__tar='$${TAR-tar} chof - "$$tardir"'
am__untar='$${TAR-tar} xf -'
bindir='${exec_prefix}/bin'
build='x86_64-apple-darwin16.7.0'
build_alias=''
build_cpu='x86_64'
build_os='darwin16.7.0'
build_vendor='apple'
datadir='${datarootdir}'
datarootdir='${prefix}/share'
docdir='${datarootdir}/doc/${PACKAGE}'
dvidir='${docdir}'
exec_prefix='${prefix}'
host='x86_64-apple-darwin16.7.0'
host_alias=''
host_cpu='x86_64'
host_os='darwin16.7.0'
host_vendor='apple'
htmldir='${docdir}'
includedir='${prefix}/include'
infodir='${datarootdir}/info'
install_sh='${SHELL} /Users/jagarcia/PROJECTS/SDL2/SDL2_TTF_srcs/install-sh'
libdir='${exec_prefix}/lib'
libexecdir='${exec_prefix}/libexec'
localedir='${datarootdir}/locale'
localstatedir='${prefix}/var'
lt_ECHO='/bin/echo'
mandir='${datarootdir}/man'
mkdir_p='$(MKDIR_P)'
oldincludedir='/usr/include'
pdfdir='${docdir}'
prefix='/usr/local'
program_transform_name='s,x,x,'
psdir='${docdir}'
sbindir='${exec_prefix}/sbin'
sharedstatedir='${prefix}/com'
sysconfdir='${prefix}/etc'
target_alias=''

## ----------- ##
## confdefs.h. ##
## ----------- ##

/* confdefs.h */
#define PACKAGE_NAME ""
#define PACKAGE_TARNAME ""
#define PACKAGE_VERSION ""
#define PACKAGE_STRING ""
#define PACKAGE_BUGREPORT ""
#define PACKAGE_URL ""
#define STDC_HEADERS 1
#define HAVE_SYS_TYPES_H 1
#define HAVE_SYS_STAT_H 1
#define HAVE_STDLIB_H 1
#define HAVE_STRING_H 1
#define HAVE_MEMORY_H 1
#define HAVE_STRINGS_H 1
#define HAVE_INTTYPES_H 1
#define HAVE_STDINT_H 1
#define HAVE_UNISTD_H 1
#define HAVE_DLFCN_H 1
#define LT_OBJDIR ".libs/"
#define PACKAGE "SDL2_ttf"
#define VERSION "2.0.14"
#define HAVE_ALLOCA_H 1
#define HAVE_ALLOCA 1

configure: exit 0
